<?xml version="1.0" encoding="UTF-8"?>
<testsuite xmlns:xsi="http://www.w3.org/2001/XMLSchema-instance" xsi:noNamespaceSchemaLocation="https://maven.apache.org/surefire/maven-surefire-plugin/xsd/surefire-test-report.xsd" name="org.aguzman.junit5app.ejemplos.models.EjemploOrdenarMetodosTest" time="0.001" tests="4" errors="0" skipped="0" failures="0">
  <properties>
[...]
</properties>
  <testcase name="testa" classname="org.aguzman.junit5app.ejemplos.models.EjemploOrdenarMetodosTest" time="0"/>
  <testcase name="testb" classname="org.aguzman.junit5app.ejemplos.models.EjemploOrdenarMetodosTest" time="0"/>
  <testcase name="testc" classname="org.aguzman.junit5app.ejemplos.models.EjemploOrdenarMetodosTest" time="0"/>
  <testcase name="testd" classname="org.aguzman.junit5app.ejemplos.models.EjemploOrdenarMetodosTest" time="0"/>
</testsuite>